0 info it worked if it ends with ok
1 verbose cli [ '/usr/local/bin/node', '/usr/local/bin/npm', 'start', '-r' ]
2 warn invalid config registry=true
3 warn invalid config Must be a full url with 'http://'
4 info using npm@3.10.8
5 info using node@v6.9.1
6 verbose run-script [ 'prestart', 'start', 'poststart' ]
7 info lifecycle despensa-server@0.0.0~prestart: despensa-server@0.0.0
8 silly lifecycle despensa-server@0.0.0~prestart: no script for prestart, continuing
9 info lifecycle despensa-server@0.0.0~start: despensa-server@0.0.0
10 verbose lifecycle despensa-server@0.0.0~start: unsafe-perm in lifecycle true
11 verbose lifecycle despensa-server@0.0.0~start: PATH: /usr/local/lib/node_modules/npm/bin/node-gyp-bin:/Users/davidjimenezgonzalez/Desktop/GitHub/Apps/despensa-server/node_modules/.bin:/Library/Frameworks/Python.framework/Versions/3.6/bin:/usr/local/bin:/usr/bin:/bin:/usr/sbin:/sbin:/usr/local/share/dotnet:/Library/Frameworks/Mono.framework/Versions/Current/Commands
12 verbose lifecycle despensa-server@0.0.0~start: CWD: /Users/davidjimenezgonzalez/Desktop/GitHub/Apps/despensa-server
13 silly lifecycle despensa-server@0.0.0~start: Args: [ '-c', 'node server.js' ]
14 silly lifecycle despensa-server@0.0.0~start: Returned: code: 1  signal: null
15 info lifecycle despensa-server@0.0.0~start: Failed to exec start script
16 verbose stack Error: despensa-server@0.0.0 start: `node server.js`
16 verbose stack Exit status 1
16 verbose stack     at EventEmitter.<anonymous> (/usr/local/lib/node_modules/npm/lib/utils/lifecycle.js:255:16)
16 verbose stack     at emitTwo (events.js:106:13)
16 verbose stack     at EventEmitter.emit (events.js:191:7)
16 verbose stack     at ChildProcess.<anonymous> (/usr/local/lib/node_modules/npm/lib/utils/spawn.js:40:14)
16 verbose stack     at emitTwo (events.js:106:13)
16 verbose stack     at ChildProcess.emit (events.js:191:7)
16 verbose stack     at maybeClose (internal/child_process.js:877:16)
16 verbose stack     at Process.ChildProcess._handle.onexit (internal/child_process.js:226:5)
17 verbose pkgid despensa-server@0.0.0
18 verbose cwd /Users/davidjimenezgonzalez/Desktop/GitHub/Apps/despensa-server
19 error Darwin 16.7.0
20 error argv "/usr/local/bin/node" "/usr/local/bin/npm" "start" "-r"
21 error node v6.9.1
22 error npm  v3.10.8
23 error code ELIFECYCLE
24 error despensa-server@0.0.0 start: `node server.js`
24 error Exit status 1
25 error Failed at the despensa-server@0.0.0 start script 'node server.js'.
25 error Make sure you have the latest version of node.js and npm installed.
25 error If you do, this is most likely a problem with the despensa-server package,
25 error not with npm itself.
25 error Tell the author that this fails on your system:
25 error     node server.js
25 error You can get information on how to open an issue for this project with:
25 error     npm bugs despensa-server
25 error Or if that isn't available, you can get their info via:
25 error     npm owner ls despensa-server
25 error There is likely additional logging output above.
26 verbose exit [ 1, true ]
